2025-04-16 23:42:24,272 - process_data - INFO - Processing data with the following parameters:
2025-04-16 23:42:24,272 - process_data - INFO - Input directory: C:\Users\Yabuku\Downloads\dynamic-workforce-analyzer\data\raw
2025-04-16 23:42:24,272 - process_data - INFO - Output directory: C:\Users\Yabuku\Downloads\dynamic-workforce-analyzer\data\processed
2025-04-16 23:42:24,272 - process_data - INFO - Update skill dictionary: True
2025-04-16 23:42:24,272 - process_data - WARNING - No processed files found to update skill dictionary
2025-04-16 23:42:24,272 - process_data - INFO - Processing completed
2025-04-17 08:19:21,587 - process_data - INFO - Processing data with the following parameters:
2025-04-17 08:19:21,587 - process_data - INFO - Input directory: C:\Users\Yabuku\Downloads\dynamic-workforce-analyzer\data\raw
2025-04-17 08:19:21,587 - process_data - INFO - Output directory: C:\Users\Yabuku\Downloads\dynamic-workforce-analyzer\data\processed
2025-04-17 08:19:21,587 - process_data - INFO - Update skill dictionary: True
2025-04-17 08:32:53,449 - process_data - INFO - Processing data with the following parameters:
2025-04-17 08:32:53,449 - process_data - INFO - Input directory: C:\Users\Yabuku\Downloads\dynamic-workforce-analyzer\data\raw
2025-04-17 08:32:53,449 - process_data - INFO - Output directory: C:\Users\Yabuku\Downloads\dynamic-workforce-analyzer\data\processed
2025-04-17 08:32:53,449 - process_data - INFO - Update skill dictionary: True
2025-04-17 08:32:53,449 - process_data - INFO - Workers: auto
2025-04-17 08:32:53,449 - process_data - INFO - Fast mode: False
2025-04-17 08:32:53,449 - process_data - INFO - Processing 4 files using 4 workers
2025-04-17 08:32:53,815 - process_data - ERROR - Error processing file C:\Users\Yabuku\Downloads\dynamic-workforce-analyzer\data\raw\all_results_20250417_081857.json: 'dict' object has no attribute 'to_csv'
2025-04-17 08:32:53,817 - process_data - ERROR - Error processing file C:\Users\Yabuku\Downloads\dynamic-workforce-analyzer\data\raw\mock_data_20250417_081857.json: 'dict' object has no attribute 'to_csv'
2025-04-17 08:32:53,822 - process_data - ERROR - Error processing file C:\Users\Yabuku\Downloads\dynamic-workforce-analyzer\data\raw\mock_data_20250417_083253.json: 'dict' object has no attribute 'to_csv'
2025-04-17 08:32:53,823 - process_data - ERROR - Error processing file C:\Users\Yabuku\Downloads\dynamic-workforce-analyzer\data\raw\all_results_20250417_083253.json: 'dict' object has no attribute 'to_csv'
2025-04-17 08:32:53,830 - process_data - INFO - Processing completed
2025-04-17 08:34:40,584 - process_data - INFO - Processing data with the following parameters:
2025-04-17 08:34:40,584 - process_data - INFO - Input directory: C:\Users\Yabuku\Downloads\dynamic-workforce-analyzer\data\raw
2025-04-17 08:34:40,584 - process_data - INFO - Output directory: C:\Users\Yabuku\Downloads\dynamic-workforce-analyzer\data\processed
2025-04-17 08:34:40,584 - process_data - INFO - Update skill dictionary: True
2025-04-17 08:34:40,585 - process_data - INFO - Workers: auto
2025-04-17 08:34:40,585 - process_data - INFO - Fast mode: False
2025-04-17 08:34:40,585 - process_data - INFO - Processing 6 files using 6 workers
2025-04-17 08:34:41,020 - process_data - INFO - Processed 20 job postings from C:\Users\Yabuku\Downloads\dynamic-workforce-analyzer\data\raw\mock_data_20250417_081857.json
2025-04-17 08:34:41,020 - process_data - INFO - Processed 20 job postings from C:\Users\Yabuku\Downloads\dynamic-workforce-analyzer\data\raw\all_results_20250417_083253.json
2025-04-17 08:34:41,021 - process_data - INFO - Processed 20 job postings from C:\Users\Yabuku\Downloads\dynamic-workforce-analyzer\data\raw\all_results_20250417_081857.json
2025-04-17 08:34:41,022 - process_data - INFO - Processed 20 job postings from C:\Users\Yabuku\Downloads\dynamic-workforce-analyzer\data\raw\mock_data_20250417_083253.json
2025-04-17 08:34:41,042 - process_data - INFO - Processed 80 job postings from C:\Users\Yabuku\Downloads\dynamic-workforce-analyzer\data\raw\all_results_20250417_083440.json
2025-04-17 08:34:41,044 - process_data - INFO - Processed 80 job postings from C:\Users\Yabuku\Downloads\dynamic-workforce-analyzer\data\raw\mock_data_20250417_083440.json
2025-04-17 08:34:41,051 - process_data - INFO - Updating skill dictionary based on 6 files
2025-04-17 08:34:41,052 - process_data - INFO - Saved updated skill dictionary to C:\Users\Yabuku\Downloads\dynamic-workforce-analyzer\data\processed\skill_dictionary.json
2025-04-17 08:34:41,052 - process_data - INFO - Processing completed
2025-04-17 08:38:23,070 - process_data - INFO - Processing data with the following parameters:
2025-04-17 08:38:23,070 - process_data - INFO - Input directory: C:\Users\Yabuku\Downloads\dynamic-workforce-analyzer\data\raw
2025-04-17 08:38:23,070 - process_data - INFO - Output directory: C:\Users\Yabuku\Downloads\dynamic-workforce-analyzer\data\processed
2025-04-17 08:38:23,070 - process_data - INFO - Update skill dictionary: True
2025-04-17 08:38:23,070 - process_data - INFO - Workers: auto
2025-04-17 08:38:23,070 - process_data - INFO - Fast mode: False
2025-04-17 08:38:23,070 - process_data - INFO - Processing 8 files using 8 workers
2025-04-17 08:38:23,536 - process_data - INFO - Processed 20 job postings from C:\Users\Yabuku\Downloads\dynamic-workforce-analyzer\data\raw\all_results_20250417_081857.json
2025-04-17 08:38:23,540 - process_data - INFO - Processed 20 job postings from C:\Users\Yabuku\Downloads\dynamic-workforce-analyzer\data\raw\all_results_20250417_083253.json
2025-04-17 08:38:23,547 - process_data - INFO - Processed 20 job postings from C:\Users\Yabuku\Downloads\dynamic-workforce-analyzer\data\raw\mock_data_20250417_083253.json
2025-04-17 08:38:23,548 - process_data - INFO - Processed 20 job postings from C:\Users\Yabuku\Downloads\dynamic-workforce-analyzer\data\raw\mock_data_20250417_081857.json
2025-04-17 08:38:23,555 - process_data - INFO - Processed 80 job postings from C:\Users\Yabuku\Downloads\dynamic-workforce-analyzer\data\raw\all_results_20250417_083440.json
2025-04-17 08:38:23,564 - process_data - INFO - Processed 80 job postings from C:\Users\Yabuku\Downloads\dynamic-workforce-analyzer\data\raw\all_results_20250417_083822.json
2025-04-17 08:38:23,565 - process_data - INFO - Processed 80 job postings from C:\Users\Yabuku\Downloads\dynamic-workforce-analyzer\data\raw\mock_data_20250417_083440.json
2025-04-17 08:38:23,565 - process_data - INFO - Processed 80 job postings from C:\Users\Yabuku\Downloads\dynamic-workforce-analyzer\data\raw\mock_data_20250417_083822.json
2025-04-17 08:38:23,575 - process_data - INFO - Updating skill dictionary based on 8 files
2025-04-17 08:38:23,576 - process_data - INFO - Saved updated skill dictionary to C:\Users\Yabuku\Downloads\dynamic-workforce-analyzer\data\processed\skill_dictionary.json
2025-04-17 08:38:23,576 - process_data - INFO - Processing completed
2025-04-17 09:14:24,220 - process_data - INFO - Processing data with the following parameters:
2025-04-17 09:14:24,220 - process_data - INFO - Input directory: C:\Users\Yabuku\Downloads\dynamic-workforce-analyzer\data\raw
2025-04-17 09:14:24,220 - process_data - INFO - Output directory: C:\Users\Yabuku\Downloads\dynamic-workforce-analyzer\data\processed
2025-04-17 09:14:24,221 - process_data - INFO - Update skill dictionary: True
2025-04-17 09:14:24,221 - process_data - INFO - Workers: auto
2025-04-17 09:14:24,221 - process_data - INFO - Fast mode: False
2025-04-17 09:14:24,221 - process_data - INFO - Processing 10 files using 10 workers
2025-04-17 09:14:24,764 - process_data - INFO - Processed 20 job postings from C:\Users\Yabuku\Downloads\dynamic-workforce-analyzer\data\raw\all_results_20250417_081857.json
2025-04-17 09:14:24,764 - process_data - INFO - Processed 20 job postings from C:\Users\Yabuku\Downloads\dynamic-workforce-analyzer\data\raw\all_results_20250417_083253.json
2025-04-17 09:14:24,776 - process_data - INFO - Processed 20 job postings from C:\Users\Yabuku\Downloads\dynamic-workforce-analyzer\data\raw\mock_data_20250417_083253.json
2025-04-17 09:14:24,779 - process_data - INFO - Processed 20 job postings from C:\Users\Yabuku\Downloads\dynamic-workforce-analyzer\data\raw\mock_data_20250417_081857.json
2025-04-17 09:14:24,789 - process_data - INFO - Processed 80 job postings from C:\Users\Yabuku\Downloads\dynamic-workforce-analyzer\data\raw\all_results_20250417_083440.json
2025-04-17 09:14:24,791 - process_data - INFO - Processed 80 job postings from C:\Users\Yabuku\Downloads\dynamic-workforce-analyzer\data\raw\all_results_20250417_083822.json
2025-04-17 09:14:24,794 - process_data - INFO - Processed 80 job postings from C:\Users\Yabuku\Downloads\dynamic-workforce-analyzer\data\raw\mock_data_20250417_083440.json
2025-04-17 09:14:24,800 - process_data - INFO - Processed 80 job postings from C:\Users\Yabuku\Downloads\dynamic-workforce-analyzer\data\raw\mock_data_20250417_083822.json
2025-04-17 09:14:24,800 - process_data - INFO - Processed 80 job postings from C:\Users\Yabuku\Downloads\dynamic-workforce-analyzer\data\raw\all_results_20250417_091423.json
2025-04-17 09:14:24,807 - process_data - INFO - Processed 80 job postings from C:\Users\Yabuku\Downloads\dynamic-workforce-analyzer\data\raw\mock_data_20250417_091423.json
2025-04-17 09:14:24,817 - process_data - INFO - Updating skill dictionary based on 10 files
2025-04-17 09:14:24,818 - process_data - INFO - Saved updated skill dictionary to C:\Users\Yabuku\Downloads\dynamic-workforce-analyzer\data\processed\skill_dictionary.json
2025-04-17 09:14:24,818 - process_data - INFO - Processing completed
2025-04-17 09:16:24,723 - process_data - INFO - Processing data with the following parameters:
2025-04-17 09:16:24,723 - process_data - INFO - Input directory: C:\Users\Yabuku\Downloads\dynamic-workforce-analyzer\data\raw
2025-04-17 09:16:24,723 - process_data - INFO - Output directory: C:\Users\Yabuku\Downloads\dynamic-workforce-analyzer\data\processed
2025-04-17 09:16:24,724 - process_data - INFO - Update skill dictionary: True
2025-04-17 09:16:24,724 - process_data - INFO - Workers: auto
2025-04-17 09:16:24,724 - process_data - INFO - Fast mode: False
2025-04-17 09:16:24,724 - process_data - INFO - Processing 12 files using 12 workers
2025-04-17 09:16:25,308 - process_data - INFO - Processed 20 job postings from C:\Users\Yabuku\Downloads\dynamic-workforce-analyzer\data\raw\all_results_20250417_081857.json
2025-04-17 09:16:25,313 - process_data - INFO - Processed 20 job postings from C:\Users\Yabuku\Downloads\dynamic-workforce-analyzer\data\raw\all_results_20250417_083253.json
2025-04-17 09:16:25,325 - process_data - INFO - Processed 20 job postings from C:\Users\Yabuku\Downloads\dynamic-workforce-analyzer\data\raw\mock_data_20250417_081857.json
2025-04-17 09:16:25,327 - process_data - INFO - Processed 20 job postings from C:\Users\Yabuku\Downloads\dynamic-workforce-analyzer\data\raw\mock_data_20250417_083253.json
2025-04-17 09:16:25,340 - process_data - INFO - Processed 80 job postings from C:\Users\Yabuku\Downloads\dynamic-workforce-analyzer\data\raw\all_results_20250417_083440.json
2025-04-17 09:16:25,341 - process_data - INFO - Processed 80 job postings from C:\Users\Yabuku\Downloads\dynamic-workforce-analyzer\data\raw\all_results_20250417_083822.json
2025-04-17 09:16:25,344 - process_data - INFO - Processed 80 job postings from C:\Users\Yabuku\Downloads\dynamic-workforce-analyzer\data\raw\all_results_20250417_091423.json
2025-04-17 09:16:25,348 - process_data - INFO - Processed 80 job postings from C:\Users\Yabuku\Downloads\dynamic-workforce-analyzer\data\raw\all_results_20250417_091624.json
2025-04-17 09:16:25,353 - process_data - INFO - Processed 80 job postings from C:\Users\Yabuku\Downloads\dynamic-workforce-analyzer\data\raw\mock_data_20250417_083440.json
2025-04-17 09:16:25,354 - process_data - INFO - Processed 80 job postings from C:\Users\Yabuku\Downloads\dynamic-workforce-analyzer\data\raw\mock_data_20250417_091423.json
2025-04-17 09:16:25,354 - process_data - INFO - Processed 80 job postings from C:\Users\Yabuku\Downloads\dynamic-workforce-analyzer\data\raw\mock_data_20250417_083822.json
2025-04-17 09:16:25,357 - process_data - INFO - Processed 80 job postings from C:\Users\Yabuku\Downloads\dynamic-workforce-analyzer\data\raw\mock_data_20250417_091624.json
2025-04-17 09:16:25,380 - process_data - INFO - Updating skill dictionary based on 12 files
2025-04-17 09:16:25,380 - process_data - INFO - Saved updated skill dictionary to C:\Users\Yabuku\Downloads\dynamic-workforce-analyzer\data\processed\skill_dictionary.json
2025-04-17 09:16:25,380 - process_data - INFO - Processing completed
2025-04-17 22:06:07,953 - process_data - INFO - Processing data with the following parameters:
2025-04-17 22:06:07,953 - process_data - INFO - Input directory: C:\Users\Yabuku\Downloads\analyzer\data\raw
2025-04-17 22:06:07,953 - process_data - INFO - Output directory: C:\Users\Yabuku\Downloads\analyzer\data\processed
2025-04-17 22:06:07,953 - process_data - INFO - Update skill dictionary: True
2025-04-17 22:06:07,953 - process_data - INFO - Workers: auto
2025-04-17 22:06:07,953 - process_data - INFO - Fast mode: False
2025-04-17 22:06:07,953 - process_data - INFO - Processing 14 files using 12 workers
2025-04-17 22:06:08,648 - process_data - INFO - Processed 20 job postings from C:\Users\Yabuku\Downloads\analyzer\data\raw\all_results_20250417_081857.json
2025-04-17 22:06:08,650 - process_data - INFO - Processed 20 job postings from C:\Users\Yabuku\Downloads\analyzer\data\raw\all_results_20250417_083253.json
2025-04-17 22:06:08,679 - process_data - INFO - Processed 80 job postings from C:\Users\Yabuku\Downloads\analyzer\data\raw\all_results_20250417_083440.json
2025-04-17 22:06:08,684 - process_data - INFO - Processed 80 job postings from C:\Users\Yabuku\Downloads\analyzer\data\raw\all_results_20250417_083822.json
2025-04-17 22:06:08,687 - process_data - INFO - Processed 20 job postings from C:\Users\Yabuku\Downloads\analyzer\data\raw\mock_data_20250417_081857.json
2025-04-17 22:06:08,691 - process_data - INFO - Processed 80 job postings from C:\Users\Yabuku\Downloads\analyzer\data\raw\all_results_20250417_091423.json
2025-04-17 22:06:08,696 - process_data - INFO - Processed 20 job postings from C:\Users\Yabuku\Downloads\analyzer\data\raw\mock_data_20250417_083253.json
2025-04-17 22:06:08,697 - process_data - INFO - Processed 80 job postings from C:\Users\Yabuku\Downloads\analyzer\data\raw\all_results_20250417_091624.json
2025-04-17 22:06:08,701 - process_data - INFO - Processed 80 job postings from C:\Users\Yabuku\Downloads\analyzer\data\raw\all_results_20250417_220607.json
2025-04-17 22:06:08,711 - process_data - INFO - Processed 80 job postings from C:\Users\Yabuku\Downloads\analyzer\data\raw\mock_data_20250417_083822.json
2025-04-17 22:06:08,711 - process_data - INFO - Processed 80 job postings from C:\Users\Yabuku\Downloads\analyzer\data\raw\mock_data_20250417_091423.json
2025-04-17 22:06:08,711 - process_data - INFO - Processed 80 job postings from C:\Users\Yabuku\Downloads\analyzer\data\raw\mock_data_20250417_083440.json
2025-04-17 22:06:08,711 - process_data - INFO - Processed 80 job postings from C:\Users\Yabuku\Downloads\analyzer\data\raw\mock_data_20250417_091624.json
2025-04-17 22:06:08,711 - process_data - INFO - Processed 80 job postings from C:\Users\Yabuku\Downloads\analyzer\data\raw\mock_data_20250417_220607.json
2025-04-17 22:06:08,729 - process_data - INFO - Updating skill dictionary based on 14 files
2025-04-17 22:06:08,731 - process_data - INFO - Saved updated skill dictionary to C:\Users\Yabuku\Downloads\analyzer\data\processed\skill_dictionary.json
2025-04-17 22:06:08,731 - process_data - INFO - Processing completed
